<?xml version="1.0" encoding="UTF-8"?>
<!-- Generated by org.testng.reporters.JUnitReportReporter -->
<testsuite hostname="DESKTOP-D16FD6T" failures="0" tests="1" name="com.crm.autodesk.TestCases.GetTextFromNewCreateImg" time="10.546" errors="0" timestamp="2021-09-17T11:05:30 IST" skipped="0">
  <testcase classname="com.crm.autodesk.TestCases.GetTextFromNewCreateImg" name="getTextFromNewCreateImg" time="10.546"/>
  <system-out/>
</testsuite> <!-- com.crm.autodesk.TestCases.GetTextFromNewCreateImg -->
