<?xml version="1.0" encoding="UTF-8"?>
<!-- Generated by org.testng.reporters.JUnitReportReporter -->
<testsuite hostname="DESKTOP-D16FD6T" failures="0" tests="1" name="com.crm.autodesk.ContactsTest.TC_16_ViewContactsTest" time="11.312" errors="0" timestamp="2021-09-14T16:19:34 IST" skipped="0">
  <testcase classname="com.crm.autodesk.ContactsTest.TC_16_ViewContactsTest" name="viewContactsTest" time="11.312"/>
  <system-out/>
</testsuite> <!-- com.crm.autodesk.ContactsTest.TC_16_ViewContactsTest -->
