<?xml version="1.0" encoding="UTF-8"?>
<!-- Generated by org.testng.reporters.JUnitReportReporter -->
<testsuite hostname="DESKTOP-D16FD6T" failures="0" tests="4" name="com.crm.Pratice.DemoDataProviderTest" time="0.020" errors="0" timestamp="2021-09-20T01:17:28 IST" skipped="0">
  <testcase classname="com.crm.Pratice.DemoDataProviderTest" name="demo" time="0.009"/>
  <system-out/>
  <testcase classname="com.crm.Pratice.DemoDataProviderTest" name="demo" time="0.006"/>
  <system-out/>
  <testcase classname="com.crm.Pratice.DemoDataProviderTest" name="demo" time="0.001"/>
  <system-out/>
  <testcase classname="com.crm.Pratice.DemoDataProviderTest" name="demo" time="0.004"/>
  <system-out/>
</testsuite> <!-- com.crm.Pratice.DemoDataProviderTest -->
