<?xml version="1.0" encoding="UTF-8"?>
<!-- Generated by org.testng.reporters.JUnitReportReporter -->
<testsuite hostname="DESKTOP-D16FD6T" failures="0" tests="1" name="com.crm.autodesk.TestCases.TC_05_CreateLeadAndEdit" time="37.291" errors="0" timestamp="2021-09-09T20:37:03 IST" skipped="0">
  <testcase classname="com.crm.autodesk.TestCases.TC_05_CreateLeadAndEdit" name="createLeadAndEdit" time="37.291"/>
  <system-out/>
</testsuite> <!-- com.crm.autodesk.TestCases.TC_05_CreateLeadAndEdit -->
