<?xml version="1.0" encoding="UTF-8"?>
<!-- Generated by org.testng.reporters.JUnitReportReporter -->
<testsuite hostname="DESKTOP-D16FD6T" failures="0" tests="1" name="com.crm.Pratice.LoginPractice" time="116.215" errors="0" timestamp="2021-09-11T23:47:09 IST" skipped="0">
  <testcase classname="com.crm.Pratice.LoginPractice" name="loginPractice" time="116.215"/>
  <system-out/>
</testsuite> <!-- com.crm.Pratice.LoginPractice -->
