<?xml version="1.0" encoding="UTF-8"?>
<!-- Generated by org.testng.reporters.JUnitReportReporter -->
<testsuite hostname="DESKTOP-D16FD6T" failures="0" tests="1" name="pratice.OrganisationWebTable" time="28.786" errors="0" timestamp="2021-09-07T21:56:05 IST" skipped="0">
  <testcase classname="pratice.OrganisationWebTable" name="organisationTest" time="28.786"/>
  <system-out/>
</testsuite> <!-- pratice.OrganisationWebTable -->
