<?xml version="1.0" encoding="UTF-8"?>
<!-- Generated by org.testng.reporters.JUnitReportReporter -->
<testsuite hostname="DESKTOP-D16FD6T" failures="0" tests="1" name="com.crm.autodesk.ContactsTest.TC_16_LastViewedContactsTest" time="31.552" errors="0" timestamp="2021-09-23T19:04:10 IST" skipped="0">
  <testcase classname="com.crm.autodesk.ContactsTest.TC_16_LastViewedContactsTest" name="viewContactsTest" time="31.552"/>
  <system-out/>
</testsuite> <!-- com.crm.autodesk.ContactsTest.TC_16_LastViewedContactsTest -->
