<?xml version="1.0" encoding="UTF-8"?>
<!-- Generated by org.testng.reporters.JUnitReportReporter -->
<testsuite hostname="DESKTOP-D16FD6T" failures="0" tests="1" name="com.crm.autodesk.TestCases.TC_02_createOrgEducationTest" time="52.943" errors="0" timestamp="2021-09-08T22:41:27 IST" skipped="0">
  <testcase classname="com.crm.autodesk.TestCases.TC_02_createOrgEducationTest" name="createOrgEduTest" time="52.943"/>
  <system-out/>
</testsuite> <!-- com.crm.autodesk.TestCases.TC_02_createOrgEducationTest -->
