<?xml version="1.0" encoding="UTF-8"?>
<!-- Generated by org.testng.reporters.JUnitReportReporter -->
<testsuite hostname="DESKTOP-D16FD6T" failures="0" tests="1" name="com.crm.autodesk.TestCases.TC_01_createContactOrgTest" time="83.715" errors="0" timestamp="2021-09-09T16:26:36 IST" skipped="0">
  <testcase classname="com.crm.autodesk.TestCases.TC_01_createContactOrgTest" name="createContactWthOrgTest" time="83.715"/>
  <system-out/>
</testsuite> <!-- com.crm.autodesk.TestCases.TC_01_createContactOrgTest -->
