<?xml version="1.0" encoding="UTF-8"?>
<!-- Generated by org.testng.reporters.JUnitReportReporter -->
<testsuite hostname="DESKTOP-D16FD6T" failures="0" tests="1" name="pratice.ReadDataFromXML" time="0.014" errors="0" timestamp="2021-09-07T15:00:08 IST" skipped="0">
  <testcase classname="pratice.ReadDataFromXML" name="readDataFromXML" time="0.014"/>
  <system-out/>
</testsuite> <!-- pratice.ReadDataFromXML -->
