<?xml version="1.0" encoding="UTF-8"?>
<!-- Generated by org.testng.reporters.JUnitReportReporter -->
<testsuite hostname="DESKTOP-D16FD6T" failures="0" tests="1" name="com.crm.autodesk.ContactsTest.TC_19_CheckSendMailPopup" time="32.900" errors="0" timestamp="2021-09-12T19:17:06 IST" skipped="0">
  <testcase classname="com.crm.autodesk.ContactsTest.TC_19_CheckSendMailPopup" name="checkSendMailPopUpTest" time="32.900"/>
  <system-out/>
</testsuite> <!-- com.crm.autodesk.ContactsTest.TC_19_CheckSendMailPopup -->
