<?xml version="1.0" encoding="UTF-8"?>
<!-- Generated by org.testng.reporters.JUnitReportReporter -->
<testsuite hostname="DESKTOP-D16FD6T" failures="0" tests="1" name="com.crm.autodesk.TestCases.TC_04_productCreateAndSearchTest" time="49.383" errors="0" timestamp="2021-09-09T16:20:24 IST" skipped="0">
  <testcase classname="com.crm.autodesk.TestCases.TC_04_productCreateAndSearchTest" name="productCreateAndSearchTest" time="49.383"/>
  <system-out/>
</testsuite> <!-- com.crm.autodesk.TestCases.TC_04_productCreateAndSearchTest -->
